Started GET "/" for 127.0.0.1 at 2019-02-11 10:33:55 -0500
  
ActiveRecord::PendingMigrationError (

Migrations are pending. To resolve this issue, run:

        bin/rails db:migrate RAILS_ENV=development

):
  
activerecord (5.2.2) lib/active_record/migration.rb:579:in `check_pending!'
activerecord (5.2.2) lib/active_record/migration.rb:556:in `call'
actionpack (5.2.2) lib/action_dispatch/middleware/callbacks.rb:28:in `block in call'
activesupport (5.2.2) lib/active_support/callbacks.rb:98:in `run_callbacks'
actionpack (5.2.2) lib/action_dispatch/middleware/callbacks.rb:26:in `call'
actionpack (5.2.2) lib/action_dispatch/middleware/executor.rb:14:in `call'
actionpack (5.2.2) lib/action_dispatch/middleware/debug_exceptions.rb:61:in `call'
web-console (3.7.0) lib/web_console/middleware.rb:135:in `call_app'
web-console (3.7.0) lib/web_console/middleware.rb:30:in `block in call'
web-console (3.7.0) lib/web_console/middleware.rb:20:in `catch'
web-console (3.7.0) lib/web_console/middleware.rb:20:in `call'
actionpack (5.2.2) lib/action_dispatch/middleware/show_exceptions.rb:33:in `call'
railties (5.2.2) lib/rails/rack/logger.rb:38:in `call_app'
railties (5.2.2) lib/rails/rack/logger.rb:26:in `block in call'
activesupport (5.2.2) lib/active_support/tagged_logging.rb:71:in `block in tagged'
activesupport (5.2.2) lib/active_support/tagged_logging.rb:28:in `tagged'
activesupport (5.2.2) lib/active_support/tagged_logging.rb:71:in `tagged'
railties (5.2.2) lib/rails/rack/logger.rb:26:in `call'
sprockets-rails (3.2.1) lib/sprockets/rails/quiet_assets.rb:13:in `call'
actionpack (5.2.2) lib/action_dispatch/middleware/remote_ip.rb:81:in `call'
actionpack (5.2.2) lib/action_dispatch/middleware/request_id.rb:27:in `call'
rack (2.0.6) lib/rack/method_override.rb:22:in `call'
rack (2.0.6) lib/rack/runtime.rb:22:in `call'
activesupport (5.2.2) lib/active_support/cache/strategy/local_cache_middleware.rb:29:in `call'
actionpack (5.2.2) lib/action_dispatch/middleware/executor.rb:14:in `call'
actionpack (5.2.2) lib/action_dispatch/middleware/static.rb:127:in `call'
rack (2.0.6) lib/rack/sendfile.rb:111:in `call'
railties (5.2.2) lib/rails/engine.rb:524:in `call'
puma (3.12.0) lib/puma/configuration.rb:225:in `call'
puma (3.12.0) lib/puma/server.rb:658:in `handle_request'
puma (3.12.0) lib/puma/server.rb:472:in `process_client'
puma (3.12.0) lib/puma/server.rb:332:in `block in run'
puma (3.12.0) lib/puma/thread_pool.rb:133:in `block in spawn_thread'
  [1m[35m (0.1ms)[0m  [1m[34mSELECT sqlite_version(*)[0m
  ↳ bin/rails:9
  [1m[35m (3.6ms)[0m  [1m[35mCREATE TABLE "schema_migrations" ("version" varchar NOT NULL PRIMARY KEY)[0m
  ↳ bin/rails:9
  [1m[35m (1.1ms)[0m  [1m[35mCREATE TABLE "ar_internal_metadata" ("key" varchar NOT NULL PRIMARY KEY, "value" varchar, "created_at" datetime NOT NULL, "updated_at" datetime NOT NULL)[0m
  ↳ bin/rails:9
  [1m[35m (0.1ms)[0m  [1m[34mSELECT "schema_migrations"."version" FROM "schema_migrations" ORDER BY "schema_migrations"."version" ASC[0m
  ↳ bin/rails:9
Migrating to CreateMechanics (20190211152411)
  [1m[35m (0.1ms)[0m  [1m[36mbegin transaction[0m
  ↳ bin/rails:9
  [1m[35m (0.4ms)[0m  [1m[35mCREATE TABLE "mechanics" ("id" integer PRIMARY KEY AUTOINCREMENT NOT NULL, "name" varchar, "experience" integer, "locaiton" varchar, "range" integer, "created_at" datetime NOT NULL, "updated_at" datetime NOT NULL)[0m
  ↳ db/migrate/20190211152411_create_mechanics.rb:3
  [1m[36mActiveRecord::SchemaMigration Create (0.2ms)[0m  [1m[32mINSERT INTO "schema_migrations" ("version") VALUES (?)[0m  [["version", "20190211152411"]]
  ↳ bin/rails:9
  [1m[35m (0.7ms)[0m  [1m[36mcommit transaction[0m
  ↳ bin/rails:9
Migrating to CreateAppointments (20190211152557)
  [1m[35m (0.1ms)[0m  [1m[36mbegin transaction[0m
  ↳ bin/rails:9
  [1m[35m (0.5ms)[0m  [1m[35mCREATE TABLE "appointments" ("id" integer PRIMARY KEY AUTOINCREMENT NOT NULL, "date" datetime, "location" varchar, "odometer" integer, "mechanic_id" integer, "vehicle_id" integer, "created_at" datetime NOT NULL, "updated_at" datetime NOT NULL)[0m
  ↳ db/migrate/20190211152557_create_appointments.rb:3
  [1m[36mActiveRecord::SchemaMigration Create (0.1ms)[0m  [1m[32mINSERT INTO "schema_migrations" ("version") VALUES (?)[0m  [["version", "20190211152557"]]
  ↳ bin/rails:9
  [1m[35m (0.7ms)[0m  [1m[36mcommit transaction[0m
  ↳ bin/rails:9
Migrating to CreateVehicles (20190211152641)
  [1m[35m (0.1ms)[0m  [1m[36mbegin transaction[0m
  ↳ bin/rails:9
  [1m[35m (0.4ms)[0m  [1m[35mCREATE TABLE "vehicles" ("id" integer PRIMARY KEY AUTOINCREMENT NOT NULL, "year" integer, "make" varchar, "model" varchar, "plate" varchar, "oil_type" varchar, "oil_quantity" integer, "created_at" datetime NOT NULL, "updated_at" datetime NOT NULL)[0m
  ↳ db/migrate/20190211152641_create_vehicles.rb:3
  [1m[36mActiveRecord::SchemaMigration Create (0.1ms)[0m  [1m[32mINSERT INTO "schema_migrations" ("version") VALUES (?)[0m  [["version", "20190211152641"]]
  ↳ bin/rails:9
  [1m[35m (0.7ms)[0m  [1m[36mcommit transaction[0m
  ↳ bin/rails:9
Migrating to CreateUsers (20190211152728)
  [1m[35m (0.0ms)[0m  [1m[36mbegin transaction[0m
  ↳ bin/rails:9
  [1m[35m (0.3ms)[0m  [1m[35mCREATE TABLE "users" ("id" integer PRIMARY KEY AUTOINCREMENT NOT NULL, "username" varchar, "password" varchar, "image" varchar, "created_at" datetime NOT NULL, "updated_at" datetime NOT NULL)[0m
  ↳ db/migrate/20190211152728_create_users.rb:3
  [1m[36mActiveRecord::SchemaMigration Create (0.1ms)[0m  [1m[32mINSERT INTO "schema_migrations" ("version") VALUES (?)[0m  [["version", "20190211152728"]]
  ↳ bin/rails:9
  [1m[35m (0.7ms)[0m  [1m[36mcommit transaction[0m
  ↳ bin/rails:9
Migrating to CreatePayments (20190211152913)
  [1m[35m (0.0ms)[0m  [1m[36mbegin transaction[0m
  ↳ bin/rails:9
  [1m[35m (0.4ms)[0m  [1m[35mCREATE TABLE "payments" ("id" integer PRIMARY KEY AUTOINCREMENT NOT NULL, "name_on_card" varchar, "card_number" varchar, "expiration" varchar, "security_code" integer, "user_id" integer, "mechanic_id" integer, "created_at" datetime NOT NULL, "updated_at" datetime NOT NULL)[0m
  ↳ db/migrate/20190211152913_create_payments.rb:3
  [1m[36mActiveRecord::SchemaMigration Create (0.1ms)[0m  [1m[32mINSERT INTO "schema_migrations" ("version") VALUES (?)[0m  [["version", "20190211152913"]]
  ↳ bin/rails:9
  [1m[35m (0.7ms)[0m  [1m[36mcommit transaction[0m
  ↳ bin/rails:9
  [1m[36mActiveRecord::InternalMetadata Load (0.2ms)[0m  [1m[34mSELECT  "ar_internal_metadata".* FROM "ar_internal_metadata" WHERE "ar_internal_metadata"."key" = ? LIMIT ?[0m  [["key", "environment"], ["LIMIT", 1]]
  ↳ bin/rails:9
  [1m[35m (0.1ms)[0m  [1m[36mbegin transaction[0m
  ↳ bin/rails:9
  [1m[36mActiveRecord::InternalMetadata Create (0.4ms)[0m  [1m[32mINSERT INTO "ar_internal_metadata" ("key", "value", "created_at", "updated_at") VALUES (?, ?, ?, ?)[0m  [["key", "environment"], ["value", "development"], ["created_at", "2019-02-11 15:34:28.591139"], ["updated_at", "2019-02-11 15:34:28.591139"]]
  ↳ bin/rails:9
  [1m[35m (0.6ms)[0m  [1m[36mcommit transaction[0m
  ↳ bin/rails:9
  [1m[35m (0.1ms)[0m  [1m[34mSELECT "schema_migrations"."version" FROM "schema_migrations" ORDER BY "schema_migrations"."version" ASC[0m
  ↳ bin/rails:9
Started GET "/" for 127.0.0.1 at 2019-02-11 10:34:37 -0500
  [1m[35m (0.1ms)[0m  [1m[34mSELECT "schema_migrations"."version" FROM "schema_migrations" ORDER BY "schema_migrations"."version" ASC[0m
  ↳ /Users/EliCleveland/.rvm/gems/ruby-2.3.3/gems/activerecord-5.2.2/lib/active_record/log_subscriber.rb:98
Processing by Rails::WelcomeController#index as HTML
  Rendering /Users/EliCleveland/.rvm/gems/ruby-2.3.3/gems/railties-5.2.2/lib/rails/templates/rails/welcome/index.html.erb
  Rendered /Users/EliCleveland/.rvm/gems/ruby-2.3.3/gems/railties-5.2.2/lib/rails/templates/rails/welcome/index.html.erb (3.2ms)
Completed 200 OK in 19ms (Views: 7.9ms | ActiveRecord: 0.0ms)


Started GET "/mechanics" for 127.0.0.1 at 2019-02-11 10:34:41 -0500
Processing by MechanicsController#index as HTML
  Rendering mechanics/index.html.erb within layouts/application
  [1m[36mMechanic Load (0.2ms)[0m  [1m[34mSELECT "mechanics".* FROM "mechanics"[0m
  ↳ app/views/mechanics/index.html.erb:17
  Rendered mechanics/index.html.erb within layouts/application (2.0ms)
Completed 200 OK in 660ms (Views: 646.5ms | ActiveRecord: 0.4ms)


Started GET "/mechanics/index" for 127.0.0.1 at 2019-02-11 10:34:47 -0500
Processing by MechanicsController#show as HTML
  Parameters: {"id"=>"index"}
  [1m[36mMechanic Load (0.2ms)[0m  [1m[34mSELECT  "mechanics".* FROM "mechanics" WHERE "mechanics"."id" = ? LIMIT ?[0m  [["id", 0], ["LIMIT", 1]]
  ↳ app/controllers/mechanics_controller.rb:67
Completed 404 Not Found in 5ms (ActiveRecord: 0.6ms)


  
ActiveRecord::RecordNotFound (Couldn't find Mechanic with 'id'=index):
  
app/controllers/mechanics_controller.rb:67:in `set_mechanic'
Started GET "/vehicles" for 127.0.0.1 at 2019-02-11 10:35:03 -0500
Processing by VehiclesController#index as HTML
  Rendering vehicles/index.html.erb within layouts/application
  [1m[36mVehicle Load (0.2ms)[0m  [1m[34mSELECT "vehicles".* FROM "vehicles"[0m
  ↳ app/views/vehicles/index.html.erb:19
  Rendered vehicles/index.html.erb within layouts/application (2.2ms)
Completed 200 OK in 51ms (Views: 39.2ms | ActiveRecord: 0.4ms)


Started GET "/vehicles/new" for 127.0.0.1 at 2019-02-11 10:35:07 -0500
Processing by VehiclesController#new as HTML
  Rendering vehicles/new.html.erb within layouts/application
  Rendered vehicles/_form.html.erb (44.0ms)
  Rendered vehicles/new.html.erb within layouts/application (48.2ms)
Completed 200 OK in 109ms (Views: 86.0ms | ActiveRecord: 0.4ms)


Started GET "/mechanics" for 127.0.0.1 at 2019-02-11 10:36:22 -0500
Processing by MechanicsController#index as HTML
  Rendering mechanics/index.html.erb within layouts/application
  [1m[36mMechanic Load (0.2ms)[0m  [1m[34mSELECT "mechanics".* FROM "mechanics"[0m
  ↳ app/views/mechanics/index.html.erb:17
  Rendered mechanics/index.html.erb within layouts/application (1.6ms)
Completed 200 OK in 41ms (Views: 37.7ms | ActiveRecord: 0.2ms)


Started GET "/appointments" for 127.0.0.1 at 2019-02-11 10:36:36 -0500
Processing by AppointmentsController#index as HTML
  Rendering appointments/index.html.erb within layouts/application
  [1m[36mAppointment Load (0.4ms)[0m  [1m[34mSELECT "appointments".* FROM "appointments"[0m
  ↳ app/views/appointments/index.html.erb:18
  Rendered appointments/index.html.erb within layouts/application (1.9ms)
Completed 200 OK in 49ms (Views: 42.4ms | ActiveRecord: 0.6ms)


Started GET "/appointments/new" for 127.0.0.1 at 2019-02-11 10:36:40 -0500
Processing by AppointmentsController#new as HTML
  Rendering appointments/new.html.erb within layouts/application
  Rendered appointments/_form.html.erb (17.3ms)
  Rendered appointments/new.html.erb within layouts/application (20.4ms)
Completed 200 OK in 69ms (Views: 52.0ms | ActiveRecord: 0.3ms)


Started GET "/appointments/new" for 127.0.0.1 at 2019-02-11 11:33:36 -0500
  [1m[35m (0.1ms)[0m  [1m[34mSELECT "schema_migrations"."version" FROM "schema_migrations" ORDER BY "schema_migrations"."version" ASC[0m
  ↳ /Users/EliCleveland/.rvm/gems/ruby-2.3.3/gems/activerecord-5.2.2/lib/active_record/log_subscriber.rb:98
Processing by AppointmentsController#new as HTML
  Rendering appointments/new.html.erb within layouts/application
  Rendered appointments/_form.html.erb (16.5ms)
  Rendered appointments/new.html.erb within layouts/application (21.0ms)
Completed 200 OK in 294ms (Views: 266.3ms | ActiveRecord: 0.9ms)


Started GET "/appointments" for 127.0.0.1 at 2019-02-11 11:33:57 -0500
Processing by AppointmentsController#index as HTML
  Rendering appointments/index.html.erb within layouts/application
  [1m[36mAppointment Load (0.2ms)[0m  [1m[34mSELECT "appointments".* FROM "appointments"[0m
  ↳ app/views/appointments/index.html.erb:18
  Rendered appointments/index.html.erb within layouts/application (1.4ms)
Completed 200 OK in 31ms (Views: 27.8ms | ActiveRecord: 0.2ms)


  [1m[35m (0.1ms)[0m  [1m[34mSELECT "schema_migrations"."version" FROM "schema_migrations" ORDER BY "schema_migrations"."version" ASC[0m
  ↳ bin/rails:9
Migrating to AddAuthForMechanics (20190211163847)
  [1m[35m (0.0ms)[0m  [1m[36mbegin transaction[0m
  ↳ bin/rails:9
  [1m[35m (0.6ms)[0m  [1m[35mALTER TABLE "mechanics" ADD "password" varchar[0m
  ↳ db/migrate/20190211163847_add_auth_for_mechanics.rb:3
  [1m[36mActiveRecord::SchemaMigration Create (0.2ms)[0m  [1m[32mINSERT INTO "schema_migrations" ("version") VALUES (?)[0m  [["version", "20190211163847"]]
  ↳ bin/rails:9
  [1m[35m (0.7ms)[0m  [1m[36mcommit transaction[0m
  ↳ bin/rails:9
  [1m[36mActiveRecord::InternalMetadata Load (0.3ms)[0m  [1m[34mSELECT  "ar_internal_metadata".* FROM "ar_internal_metadata" WHERE "ar_internal_metadata"."key" = ? LIMIT ?[0m  [["key", "environment"], ["LIMIT", 1]]
  ↳ bin/rails:9
  [1m[35m (0.0ms)[0m  [1m[36mbegin transaction[0m
  ↳ bin/rails:9
  [1m[35m (0.2ms)[0m  [1m[36mcommit transaction[0m
  ↳ bin/rails:9
  [1m[35m (0.1ms)[0m  [1m[34mSELECT "schema_migrations"."version" FROM "schema_migrations" ORDER BY "schema_migrations"."version" ASC[0m
  ↳ bin/rails:9
Started GET "/mechanics" for 127.0.0.1 at 2019-02-11 11:44:28 -0500
  [1m[35m (0.1ms)[0m  [1m[34mSELECT "schema_migrations"."version" FROM "schema_migrations" ORDER BY "schema_migrations"."version" ASC[0m
  ↳ /Users/EliCleveland/.rvm/gems/ruby-2.3.3/gems/activerecord-5.2.2/lib/active_record/log_subscriber.rb:98
Processing by MechanicsController#index as HTML
  Rendering mechanics/index.html.erb within layouts/application
  [1m[36mMechanic Load (0.2ms)[0m  [1m[34mSELECT "mechanics".* FROM "mechanics"[0m
  ↳ app/views/mechanics/index.html.erb:17
  Rendered mechanics/index.html.erb within layouts/application (2.7ms)
Completed 200 OK in 68ms (Views: 35.3ms | ActiveRecord: 0.5ms)


Started GET "/home" for 127.0.0.1 at 2019-02-11 11:54:56 -0500
  
ActionController::RoutingError (No route matches [GET] "/home"):
  
actionpack (5.2.2) lib/action_dispatch/middleware/debug_exceptions.rb:65:in `call'
web-console (3.7.0) lib/web_console/middleware.rb:135:in `call_app'
web-console (3.7.0) lib/web_console/middleware.rb:30:in `block in call'
web-console (3.7.0) lib/web_console/middleware.rb:20:in `catch'
web-console (3.7.0) lib/web_console/middleware.rb:20:in `call'
actionpack (5.2.2) lib/action_dispatch/middleware/show_exceptions.rb:33:in `call'
railties (5.2.2) lib/rails/rack/logger.rb:38:in `call_app'
railties (5.2.2) lib/rails/rack/logger.rb:26:in `block in call'
activesupport (5.2.2) lib/active_support/tagged_logging.rb:71:in `block in tagged'
activesupport (5.2.2) lib/active_support/tagged_logging.rb:28:in `tagged'
activesupport (5.2.2) lib/active_support/tagged_logging.rb:71:in `tagged'
railties (5.2.2) lib/rails/rack/logger.rb:26:in `call'
sprockets-rails (3.2.1) lib/sprockets/rails/quiet_assets.rb:13:in `call'
actionpack (5.2.2) lib/action_dispatch/middleware/remote_ip.rb:81:in `call'
actionpack (5.2.2) lib/action_dispatch/middleware/request_id.rb:27:in `call'
rack (2.0.6) lib/rack/method_override.rb:22:in `call'
rack (2.0.6) lib/rack/runtime.rb:22:in `call'
activesupport (5.2.2) lib/active_support/cache/strategy/local_cache_middleware.rb:29:in `call'
actionpack (5.2.2) lib/action_dispatch/middleware/executor.rb:14:in `call'
actionpack (5.2.2) lib/action_dispatch/middleware/static.rb:127:in `call'
rack (2.0.6) lib/rack/sendfile.rb:111:in `call'
railties (5.2.2) lib/rails/engine.rb:524:in `call'
puma (3.12.0) lib/puma/configuration.rb:225:in `call'
puma (3.12.0) lib/puma/server.rb:658:in `handle_request'
puma (3.12.0) lib/puma/server.rb:472:in `process_client'
puma (3.12.0) lib/puma/server.rb:332:in `block in run'
puma (3.12.0) lib/puma/thread_pool.rb:133:in `block in spawn_thread'
Started GET "/home" for 127.0.0.1 at 2019-02-11 11:55:32 -0500
Processing by HomeController#index as HTML
  Rendering home/index.html.erb within layouts/application
  Rendered home/index.html.erb within layouts/application (2.9ms)
Completed 500 Internal Server Error in 13ms (ActiveRecord: 0.0ms)


  
ActionView::Template::Error (No route matches {:action=>"show", :controller=>"mechanics"}, missing required keys: [:id]):
    1: <button <%= link_to 'Mechanic Log-in', mechanic_path %></button>
    2: <button <%= link_to 'Mechanic Sign-up', new_mechanic_path %></button>
    3: <button <%= link_to 'User Log-in', user_path %></button>
    4: <button <%= link_to 'User Sign-up', new_user_path %></button>
  
app/views/home/index.html.erb:1:in `_app_views_home_index_html_erb___677481015023294145_70163177771040'
Started GET "/home" for 127.0.0.1 at 2019-02-11 11:55:51 -0500
  [1m[35m (0.1ms)[0m  [1m[34mSELECT "schema_migrations"."version" FROM "schema_migrations" ORDER BY "schema_migrations"."version" ASC[0m
  ↳ /Users/EliCleveland/.rvm/gems/ruby-2.3.3/gems/activerecord-5.2.2/lib/active_record/log_subscriber.rb:98
Processing by HomeController#index as HTML
  Rendering home/index.html.erb within layouts/application
  Rendered home/index.html.erb within layouts/application (4.3ms)
Completed 500 Internal Server Error in 22ms (ActiveRecord: 0.0ms)


  
ActionView::Template::Error (No route matches {:action=>"show", :controller=>"mechanics"}, missing required keys: [:id]):
    1: <button <%= link_to 'Mechanic Log-in', mechanic_path %></button>
    2: <button <%= link_to 'Mechanic Sign-up', new_mechanic_path %></button>
    3: <button <%= link_to 'User Log-in', user_path %></button>
    4: <button <%= link_to 'User Sign-up', new_user_path %></button>
  
app/views/home/index.html.erb:1:in `_app_views_home_index_html_erb__1566877734804810717_70208045716300'
Started GET "/home" for 127.0.0.1 at 2019-02-11 11:59:18 -0500
Processing by HomeController#index as HTML
  Rendering home/index.html.erb within layouts/application
  Rendered home/index.html.erb within layouts/application (201.8ms)
Completed 500 Internal Server Error in 212ms (ActiveRecord: 0.0ms)


  
ActionView::Template::Error (undefined local variable or method `new_mechanic_path' for #<#<Class:0x007fb52b400c08>:0x007fb52cbf7f28>
Did you mean?  new_home_path):
    1: <button <%= link_to 'Mechanic Log-in', mechanics_path %></button>
    2: <button <%= link_to 'Mechanic Sign-up', new_mechanic_path %></button>
    3: <button <%= link_to 'User Log-in', user_path %></button>
    4: <button <%= link_to 'User Sign-up', new_user_path %></button>
  
app/views/home/index.html.erb:2:in `_app_views_home_index_html_erb__1566877734804810717_70208058287580'
Started GET "/home" for 127.0.0.1 at 2019-02-11 12:00:26 -0500
Processing by HomeController#index as HTML
  Rendering home/index.html.erb within layouts/application
  Rendered home/index.html.erb within layouts/application (186.3ms)
Completed 500 Internal Server Error in 195ms (ActiveRecord: 0.0ms)


  
ActionView::Template::Error (undefined local variable or method `new_mechanic_path' for #<#<Class:0x007fb52b400c08>:0x007fb52c69d5c8>
Did you mean?  new_home_path):
    1: <button <%= link_to 'Mechanic Log-in', @mechanic %></button>
    2: <button <%= link_to 'Mechanic Sign-up', new_mechanic_path %></button>
    3: <button <%= link_to 'User Log-in', user_path %></button>
    4: <button <%= link_to 'User Sign-up', new_user_path %></button>
  
app/views/home/index.html.erb:2:in `_app_views_home_index_html_erb__1566877734804810717_70208055472400'
Started GET "/home" for 127.0.0.1 at 2019-02-11 12:00:52 -0500
Processing by HomeController#index as HTML
  Rendering home/index.html.erb within layouts/application
  Rendered home/index.html.erb within layouts/application (3.5ms)
Completed 500 Internal Server Error in 13ms (ActiveRecord: 0.0ms)


  
ActionView::Template::Error (No route matches {:action=>"show", :controller=>"users"}, missing required keys: [:id]):
    1: <button <%= link_to 'Mechanic Log-in', @mechanic %></button>
    2: <button <%= link_to 'Mechanic Sign-up', url:'mechanics/new' %></button>
    3: <button <%= link_to 'User Log-in', user_path %></button>
    4: <button <%= link_to 'User Sign-up', new_user_path %></button>
  
app/views/home/index.html.erb:3:in `_app_views_home_index_html_erb__1566877734804810717_70208055420320'
Started GET "/home" for 127.0.0.1 at 2019-02-11 12:01:13 -0500
Processing by HomeController#index as HTML
  Rendering home/index.html.erb within layouts/application
  Rendered home/index.html.erb within layouts/application (1.1ms)
Completed 200 OK in 189ms (Views: 186.8ms | ActiveRecord: 0.0ms)


Started GET "/home" for 127.0.0.1 at 2019-02-11 12:34:52 -0500
Processing by HomeController#index as HTML
  Rendering home/index.html.erb within layouts/application
  Rendered home/index.html.erb within layouts/application (1.0ms)
Completed 200 OK in 32ms (Views: 29.1ms | ActiveRecord: 0.0ms)


Started GET "/home" for 127.0.0.1 at 2019-02-11 12:35:07 -0500
  [1m[35m (0.3ms)[0m  [1m[34mSELECT "schema_migrations"."version" FROM "schema_migrations" ORDER BY "schema_migrations"."version" ASC[0m
  ↳ /Users/EliCleveland/.rvm/gems/ruby-2.3.3/gems/activerecord-5.2.2/lib/active_record/log_subscriber.rb:98
Processing by HomeController#index as HTML
  Rendering home/index.html.erb within layouts/application
  Rendered home/index.html.erb within layouts/application (2.5ms)
Completed 200 OK in 268ms (Views: 257.8ms | ActiveRecord: 0.0ms)


Started GET "/home" for 127.0.0.1 at 2019-02-11 12:36:53 -0500
Processing by HomeController#index as HTML
  Rendering home/index.html.erb within layouts/application
  Rendered home/index.html.erb within layouts/application (0.9ms)
Completed 200 OK in 33ms (Views: 29.5ms | ActiveRecord: 0.0ms)


Started GET "/home" for 127.0.0.1 at 2019-02-11 12:36:56 -0500
Processing by HomeController#index as HTML
  Rendering home/index.html.erb within layouts/application
  Rendered home/index.html.erb within layouts/application (0.9ms)
Completed 200 OK in 38ms (Views: 33.9ms | ActiveRecord: 0.0ms)


Started GET "/home?url=%2Fmechanics%2Fnew" for 127.0.0.1 at 2019-02-11 12:36:57 -0500
Processing by HomeController#index as HTML
  Parameters: {"url"=>"/mechanics/new"}
  Rendering home/index.html.erb within layouts/application
  Rendered home/index.html.erb within layouts/application (1.6ms)
Completed 200 OK in 46ms (Views: 41.6ms | ActiveRecord: 0.0ms)


Started GET "/home" for 127.0.0.1 at 2019-02-11 12:36:58 -0500
Processing by HomeController#index as HTML
  Rendering home/index.html.erb within layouts/application
  Rendered home/index.html.erb within layouts/application (1.5ms)
Completed 200 OK in 43ms (Views: 38.9ms | ActiveRecord: 0.0ms)


Started GET "/home?url=%2Fusers%2Fnew" for 127.0.0.1 at 2019-02-11 12:36:59 -0500
Processing by HomeController#index as HTML
  Parameters: {"url"=>"/users/new"}
  Rendering home/index.html.erb within layouts/application
  Rendered home/index.html.erb within layouts/application (1.4ms)
Completed 200 OK in 48ms (Views: 43.5ms | ActiveRecord: 0.0ms)


Started GET "/home?url=%2Fusers%2Fnew" for 127.0.0.1 at 2019-02-11 12:37:32 -0500
Processing by HomeController#index as HTML
  Parameters: {"url"=>"/users/new"}
  Rendering home/index.html.erb within layouts/application
  Rendered home/index.html.erb within layouts/application (1.1ms)
Completed 200 OK in 34ms (Views: 31.0ms | ActiveRecord: 0.0ms)


Started GET "/home" for 127.0.0.1 at 2019-02-11 12:37:37 -0500
Processing by HomeController#index as HTML
  Rendering home/index.html.erb within layouts/application
  Rendered home/index.html.erb within layouts/application (1.0ms)
Completed 200 OK in 37ms (Views: 34.1ms | ActiveRecord: 0.0ms)


Started GET "/home?url=http%3A%2F%2Flocalhost%3A3000%2Fmechanics%2Fnew" for 127.0.0.1 at 2019-02-11 12:37:39 -0500
Processing by HomeController#index as HTML
  Parameters: {"url"=>"http://localhost:3000/mechanics/new"}
  Rendering home/index.html.erb within layouts/application
  Rendered home/index.html.erb within layouts/application (1.5ms)
Completed 200 OK in 58ms (Views: 53.4ms | ActiveRecord: 0.0ms)


Started GET "/home?url=http%3A%2F%2Flocalhost%3A3000%2Fusers%2Fnew" for 127.0.0.1 at 2019-02-11 12:37:43 -0500
Processing by HomeController#index as HTML
  Parameters: {"url"=>"http://localhost:3000/users/new"}
  Rendering home/index.html.erb within layouts/application
  Rendered home/index.html.erb within layouts/application (2.2ms)
Completed 200 OK in 58ms (Views: 53.0ms | ActiveRecord: 0.0ms)


Started GET "/home" for 127.0.0.1 at 2019-02-11 12:38:06 -0500
Processing by HomeController#index as HTML
  Rendering home/index.html.erb within layouts/application
  Rendered home/index.html.erb within layouts/application (2.2ms)
Completed 500 Internal Server Error in 11ms (ActiveRecord: 0.0ms)


  
SyntaxError (/Users/EliCleveland/Development/code/projects/mod-2-project/rails-project-mode-nyc-web-career-010719/app/views/home/index.html.erb:5: syntax error, unexpected tLABEL
...nk_to 'User Sign-up', url:http://localhost:3000/users/new );
...                               ^
/Users/EliCleveland/Development/code/projects/mod-2-project/rails-project-mode-nyc-web-career-010719/app/views/home/index.html.erb:5: unknown regexp options - lcalht):
  
app/views/home/index.html.erb:5: syntax error, unexpected tLABEL
app/views/home/index.html.erb:5: unknown regexp options - lcalht
Started GET "/home" for 127.0.0.1 at 2019-02-11 12:38:18 -0500
Processing by HomeController#index as HTML
  Rendering home/index.html.erb within layouts/application
  Rendered home/index.html.erb within layouts/application (0.7ms)
Completed 200 OK in 34ms (Views: 31.4ms | ActiveRecord: 0.0ms)


Started GET "/users/new" for 127.0.0.1 at 2019-02-11 12:38:20 -0500
Processing by UsersController#new as HTML
  Rendering users/new.html.erb within layouts/application
  Rendered users/_form.html.erb (8.5ms)
  Rendered users/new.html.erb within layouts/application (11.7ms)
Completed 200 OK in 66ms (Views: 42.4ms | ActiveRecord: 0.9ms)


Started GET "/mechanics/new" for 127.0.0.1 at 2019-02-11 12:38:24 -0500
Processing by MechanicsController#show as HTML
  Parameters: {"id"=>"new"}
  [1m[36mMechanic Load (0.2ms)[0m  [1m[34mSELECT  "mechanics".* FROM "mechanics" WHERE "mechanics"."id" = ? LIMIT ?[0m  [["id", 0], ["LIMIT", 1]]
  ↳ app/controllers/mechanics_controller.rb:67
Completed 404 Not Found in 14ms (ActiveRecord: 1.0ms)


  
ActiveRecord::RecordNotFound (Couldn't find Mechanic with 'id'=new):
  
app/controllers/mechanics_controller.rb:67:in `set_mechanic'
Started GET "/home" for 127.0.0.1 at 2019-02-11 12:38:26 -0500
Processing by HomeController#index as HTML
  Rendering home/index.html.erb within layouts/application
  Rendered home/index.html.erb within layouts/application (1.2ms)
Completed 200 OK in 45ms (Views: 40.8ms | ActiveRecord: 0.0ms)


Started GET "/mechanics/new" for 127.0.0.1 at 2019-02-11 12:38:28 -0500
Processing by MechanicsController#show as HTML
  Parameters: {"id"=>"new"}
  [1m[36mMechanic Load (0.2ms)[0m  [1m[34mSELECT  "mechanics".* FROM "mechanics" WHERE "mechanics"."id" = ? LIMIT ?[0m  [["id", 0], ["LIMIT", 1]]
  ↳ app/controllers/mechanics_controller.rb:67
Completed 404 Not Found in 2ms (ActiveRecord: 0.2ms)


  
ActiveRecord::RecordNotFound (Couldn't find Mechanic with 'id'=new):
  
app/controllers/mechanics_controller.rb:67:in `set_mechanic'
Started GET "/home" for 127.0.0.1 at 2019-02-11 12:38:38 -0500
Processing by HomeController#index as HTML
  Rendering home/index.html.erb within layouts/application
  Rendered home/index.html.erb within layouts/application (1.1ms)
Completed 200 OK in 45ms (Views: 41.1ms | ActiveRecord: 0.0ms)


Started GET "/home" for 127.0.0.1 at 2019-02-11 12:38:46 -0500
Processing by HomeController#index as HTML
  Rendering home/index.html.erb within layouts/application
  Rendered home/index.html.erb within layouts/application (0.7ms)
Completed 200 OK in 43ms (Views: 38.9ms | ActiveRecord: 0.0ms)


Started GET "/mechanics/new" for 127.0.0.1 at 2019-02-11 12:38:47 -0500
Processing by MechanicsController#show as HTML
  Parameters: {"id"=>"new"}
  [1m[36mMechanic Load (0.2ms)[0m  [1m[34mSELECT  "mechanics".* FROM "mechanics" WHERE "mechanics"."id" = ? LIMIT ?[0m  [["id", 0], ["LIMIT", 1]]
  ↳ app/controllers/mechanics_controller.rb:67
Completed 404 Not Found in 2ms (ActiveRecord: 0.2ms)


  
ActiveRecord::RecordNotFound (Couldn't find Mechanic with 'id'=new):
  
app/controllers/mechanics_controller.rb:67:in `set_mechanic'
Started GET "/mechanics/" for 127.0.0.1 at 2019-02-11 12:39:08 -0500
  
ActionController::RoutingError (No route matches [GET] "/mechanics"):
  
actionpack (5.2.2) lib/action_dispatch/middleware/debug_exceptions.rb:65:in `call'
web-console (3.7.0) lib/web_console/middleware.rb:135:in `call_app'
web-console (3.7.0) lib/web_console/middleware.rb:30:in `block in call'
web-console (3.7.0) lib/web_console/middleware.rb:20:in `catch'
web-console (3.7.0) lib/web_console/middleware.rb:20:in `call'
actionpack (5.2.2) lib/action_dispatch/middleware/show_exceptions.rb:33:in `call'
railties (5.2.2) lib/rails/rack/logger.rb:38:in `call_app'
railties (5.2.2) lib/rails/rack/logger.rb:26:in `block in call'
activesupport (5.2.2) lib/active_support/tagged_logging.rb:71:in `block in tagged'
activesupport (5.2.2) lib/active_support/tagged_logging.rb:28:in `tagged'
activesupport (5.2.2) lib/active_support/tagged_logging.rb:71:in `tagged'
railties (5.2.2) lib/rails/rack/logger.rb:26:in `call'
sprockets-rails (3.2.1) lib/sprockets/rails/quiet_assets.rb:13:in `call'
actionpack (5.2.2) lib/action_dispatch/middleware/remote_ip.rb:81:in `call'
actionpack (5.2.2) lib/action_dispatch/middleware/request_id.rb:27:in `call'
rack (2.0.6) lib/rack/method_override.rb:22:in `call'
rack (2.0.6) lib/rack/runtime.rb:22:in `call'
activesupport (5.2.2) lib/active_support/cache/strategy/local_cache_middleware.rb:29:in `call'
actionpack (5.2.2) lib/action_dispatch/middleware/executor.rb:14:in `call'
actionpack (5.2.2) lib/action_dispatch/middleware/static.rb:127:in `call'
rack (2.0.6) lib/rack/sendfile.rb:111:in `call'
railties (5.2.2) lib/rails/engine.rb:524:in `call'
puma (3.12.0) lib/puma/configuration.rb:225:in `call'
puma (3.12.0) lib/puma/server.rb:658:in `handle_request'
puma (3.12.0) lib/puma/server.rb:472:in `process_client'
puma (3.12.0) lib/puma/server.rb:332:in `block in run'
puma (3.12.0) lib/puma/thread_pool.rb:133:in `block in spawn_thread'
Started GET "/mechanics" for 127.0.0.1 at 2019-02-11 12:44:42 -0500
  [1m[35m (0.3ms)[0m  [1m[34mSELECT "schema_migrations"."version" FROM "schema_migrations" ORDER BY "schema_migrations"."version" ASC[0m
  ↳ /Users/EliCleveland/.rvm/gems/ruby-2.3.3/gems/activerecord-5.2.2/lib/active_record/log_subscriber.rb:98
Processing by MechanicsController#index as HTML
  Rendering mechanics/index.html.erb within layouts/application
  [1m[36mMechanic Load (0.2ms)[0m  [1m[34mSELECT "mechanics".* FROM "mechanics"[0m
  ↳ app/views/mechanics/index.html.erb:17
  Rendered mechanics/index.html.erb within layouts/application (2.6ms)
Completed 200 OK in 259ms (Views: 242.0ms | ActiveRecord: 0.4ms)


Started GET "/home" for 127.0.0.1 at 2019-02-11 12:44:44 -0500
Processing by HomeController#index as HTML
  Rendering home/index.html.erb within layouts/application
  Rendered home/index.html.erb within layouts/application (1.2ms)
Completed 200 OK in 32ms (Views: 29.0ms | ActiveRecord: 0.0ms)


Started GET "/mechanics/new" for 127.0.0.1 at 2019-02-11 12:44:46 -0500
Processing by MechanicsController#new as HTML
  Rendering mechanics/new.html.erb within layouts/application
  Rendered mechanics/_form.html.erb (7.6ms)
  Rendered mechanics/new.html.erb within layouts/application (11.1ms)
Completed 200 OK in 56ms (Views: 39.2ms | ActiveRecord: 0.5ms)


Started POST "/mechanics" for 127.0.0.1 at 2019-02-11 12:45:04 -0500
Processing by MechanicsController#create as HTML
  Parameters: {"utf8"=>"✓", "authenticity_token"=>"Nt2ZhZs5RUU962a9y1pHyeAUbOMkRvcX8LScm/OmEgCV8K0zRtGfhTdcfGb7cWl7ea/p+3TFGB4mIc3sWXc3EQ==", "mechanic"=>{"name"=>"Tony Toes", "experience"=>"4", "locaiton"=>"Greenwich Village", "range"=>"2"}, "commit"=>"Create Mechanic"}
  [1m[35m (0.1ms)[0m  [1m[36mbegin transaction[0m
  ↳ app/controllers/mechanics_controller.rb:30
  [1m[36mMechanic Create (0.6ms)[0m  [1m[32mINSERT INTO "mechanics" ("name", "experience", "locaiton", "range", "created_at", "updated_at") VALUES (?, ?, ?, ?, ?, ?)[0m  [["name", "Tony Toes"], ["experience", 4], ["locaiton", "Greenwich Village"], ["range", 2], ["created_at", "2019-02-11 17:45:04.299569"], ["updated_at", "2019-02-11 17:45:04.299569"]]
  ↳ app/controllers/mechanics_controller.rb:30
  [1m[35m (0.6ms)[0m  [1m[36mcommit transaction[0m
  ↳ app/controllers/mechanics_controller.rb:30
Redirected to http://localhost:3000/mechanics/1
Completed 302 Found in 5ms (ActiveRecord: 1.3ms)


Started GET "/mechanics/1" for 127.0.0.1 at 2019-02-11 12:45:04 -0500
Processing by MechanicsController#show as HTML
  Parameters: {"id"=>"1"}
  [1m[36mMechanic Load (0.2ms)[0m  [1m[34mSELECT  "mechanics".* FROM "mechanics" WHERE "mechanics"."id" = ? LIMIT ?[0m  [["id", 1], ["LIMIT", 1]]
  ↳ app/controllers/mechanics_controller.rb:67
  Rendering mechanics/show.html.erb within layouts/application
  Rendered mechanics/show.html.erb within layouts/application (0.7ms)
Completed 200 OK in 39ms (Views: 33.3ms | ActiveRecord: 0.2ms)


Started GET "/home" for 127.0.0.1 at 2019-02-11 12:45:22 -0500
Processing by HomeController#index as HTML
  Rendering home/index.html.erb within layouts/application
  Rendered home/index.html.erb within layouts/application (1.0ms)
Completed 200 OK in 40ms (Views: 36.6ms | ActiveRecord: 0.0ms)


Started GET "/home" for 127.0.0.1 at 2019-02-11 12:46:04 -0500
Processing by HomeController#index as HTML
  Rendering home/index.html.erb within layouts/application
  Rendered home/index.html.erb within layouts/application (0.9ms)
Completed 200 OK in 41ms (Views: 37.5ms | ActiveRecord: 0.0ms)


Started GET "/mechanics/new" for 127.0.0.1 at 2019-02-11 12:46:13 -0500
Processing by MechanicsController#new as HTML
  Rendering mechanics/new.html.erb within layouts/application
  Rendered mechanics/_form.html.erb (4.1ms)
  Rendered mechanics/new.html.erb within layouts/application (8.0ms)
Completed 200 OK in 53ms (Views: 48.8ms | ActiveRecord: 0.0ms)


Started GET "/users/new" for 127.0.0.1 at 2019-02-11 12:46:16 -0500
Processing by UsersController#new as HTML
  Rendering users/new.html.erb within layouts/application
  Rendered users/_form.html.erb (3.4ms)
  Rendered users/new.html.erb within layouts/application (6.5ms)
Completed 200 OK in 67ms (Views: 43.2ms | ActiveRecord: 0.5ms)


Started GET "/home" for 127.0.0.1 at 2019-02-11 12:46:18 -0500
Processing by HomeController#index as HTML
  Rendering home/index.html.erb within layouts/application
  Rendered home/index.html.erb within layouts/application (1.3ms)
Completed 200 OK in 51ms (Views: 47.0ms | ActiveRecord: 0.0ms)


Started GET "/home" for 127.0.0.1 at 2019-02-11 12:46:19 -0500
Processing by HomeController#index as HTML
  Rendering home/index.html.erb within layouts/application
  Rendered home/index.html.erb within layouts/application (1.5ms)
Completed 200 OK in 57ms (Views: 52.9ms | ActiveRecord: 0.0ms)


Started GET "/home" for 127.0.0.1 at 2019-02-11 12:46:19 -0500
Processing by HomeController#index as HTML
  Rendering home/index.html.erb within layouts/application
  Rendered home/index.html.erb within layouts/application (1.1ms)
Completed 200 OK in 52ms (Views: 48.2ms | ActiveRecord: 0.0ms)


Started GET "/home" for 127.0.0.1 at 2019-02-11 12:46:19 -0500
Processing by HomeController#index as HTML
  Rendering home/index.html.erb within layouts/application
  Rendered home/index.html.erb within layouts/application (1.3ms)
Completed 200 OK in 46ms (Views: 40.9ms | ActiveRecord: 0.0ms)


Started GET "/vehicles" for 127.0.0.1 at 2019-02-11 12:59:27 -0500
  
ActionController::RoutingError (No route matches [GET] "/vehicles"):
  
actionpack (5.2.2) lib/action_dispatch/middleware/debug_exceptions.rb:65:in `call'
web-console (3.7.0) lib/web_console/middleware.rb:135:in `call_app'
web-console (3.7.0) lib/web_console/middleware.rb:30:in `block in call'
web-console (3.7.0) lib/web_console/middleware.rb:20:in `catch'
web-console (3.7.0) lib/web_console/middleware.rb:20:in `call'
actionpack (5.2.2) lib/action_dispatch/middleware/show_exceptions.rb:33:in `call'
railties (5.2.2) lib/rails/rack/logger.rb:38:in `call_app'
railties (5.2.2) lib/rails/rack/logger.rb:26:in `block in call'
activesupport (5.2.2) lib/active_support/tagged_logging.rb:71:in `block in tagged'
activesupport (5.2.2) lib/active_support/tagged_logging.rb:28:in `tagged'
activesupport (5.2.2) lib/active_support/tagged_logging.rb:71:in `tagged'
railties (5.2.2) lib/rails/rack/logger.rb:26:in `call'
sprockets-rails (3.2.1) lib/sprockets/rails/quiet_assets.rb:13:in `call'
actionpack (5.2.2) lib/action_dispatch/middleware/remote_ip.rb:81:in `call'
actionpack (5.2.2) lib/action_dispatch/middleware/request_id.rb:27:in `call'
rack (2.0.6) lib/rack/method_override.rb:22:in `call'
rack (2.0.6) lib/rack/runtime.rb:22:in `call'
activesupport (5.2.2) lib/active_support/cache/strategy/local_cache_middleware.rb:29:in `call'
actionpack (5.2.2) lib/action_dispatch/middleware/executor.rb:14:in `call'
actionpack (5.2.2) lib/action_dispatch/middleware/static.rb:127:in `call'
rack (2.0.6) lib/rack/sendfile.rb:111:in `call'
railties (5.2.2) lib/rails/engine.rb:524:in `call'
puma (3.12.0) lib/puma/configuration.rb:225:in `call'
puma (3.12.0) lib/puma/server.rb:658:in `handle_request'
puma (3.12.0) lib/puma/server.rb:472:in `process_client'
puma (3.12.0) lib/puma/server.rb:332:in `block in run'
puma (3.12.0) lib/puma/thread_pool.rb:133:in `block in spawn_thread'
Started GET "/vehicles/1" for 127.0.0.1 at 2019-02-11 12:59:34 -0500
Processing by VehiclesController#show as HTML
  Parameters: {"id"=>"1"}
  [1m[36mVehicle Load (0.1ms)[0m  [1m[34mSELECT  "vehicles".* FROM "vehicles" WHERE "vehicles"."id" = ? LIMIT ?[0m  [["id", 1], ["LIMIT", 1]]
  ↳ app/controllers/vehicles_controller.rb:67
Completed 404 Not Found in 8ms (ActiveRecord: 0.8ms)


  
ActiveRecord::RecordNotFound (Couldn't find Vehicle with 'id'=1):
  
app/controllers/vehicles_controller.rb:67:in `set_vehicle'
Started GET "/vehicles/2" for 127.0.0.1 at 2019-02-11 12:59:39 -0500
Processing by VehiclesController#show as HTML
  Parameters: {"id"=>"2"}
  [1m[36mVehicle Load (0.2ms)[0m  [1m[34mSELECT  "vehicles".* FROM "vehicles" WHERE "vehicles"."id" = ? LIMIT ?[0m  [["id", 2], ["LIMIT", 1]]
  ↳ app/controllers/vehicles_controller.rb:67
Completed 404 Not Found in 2ms (ActiveRecord: 0.2ms)


  
ActiveRecord::RecordNotFound (Couldn't find Vehicle with 'id'=2):
  
app/controllers/vehicles_controller.rb:67:in `set_vehicle'
Started GET "/vehicles/new" for 127.0.0.1 at 2019-02-11 12:59:53 -0500
Processing by VehiclesController#new as HTML
  Rendering vehicles/new.html.erb within layouts/application
  Rendered vehicles/_form.html.erb (5.4ms)
  Rendered vehicles/new.html.erb within layouts/application (8.0ms)
Completed 200 OK in 49ms (Views: 38.9ms | ActiveRecord: 0.0ms)


Started POST "/vehicles" for 127.0.0.1 at 2019-02-11 12:59:59 -0500
Processing by VehiclesController#create as HTML
  Parameters: {"utf8"=>"✓", "authenticity_token"=>"J9q4B8D24haL/SD4X08qPodoPdeCyKH4HGWWBqlUNpvLjPZ1FsgLbjVjdQvwo20Gif1vcNR0ISlc4ZviAwtcsw==", "vehicle"=>{"year"=>"2016", "make"=>"", "model"=>"", "plate"=>"", "oil_type"=>"", "oil_quantity"=>""}, "commit"=>"Create Vehicle"}
  [1m[35m (0.1ms)[0m  [1m[36mbegin transaction[0m
  ↳ app/controllers/vehicles_controller.rb:30
  [1m[35m (0.1ms)[0m  [1m[31mrollback transaction[0m
  ↳ app/controllers/vehicles_controller.rb:30
  Rendering vehicles/new.html.erb within layouts/application
  Rendered vehicles/_form.html.erb (5.3ms)
  Rendered vehicles/new.html.erb within layouts/application (8.2ms)
Completed 200 OK in 63ms (Views: 40.2ms | ActiveRecord: 0.1ms)


Started GET "/users" for 127.0.0.1 at 2019-02-11 13:00:23 -0500
Processing by UsersController#index as HTML
  Rendering users/index.html.erb within layouts/application
  [1m[36mUser Load (0.2ms)[0m  [1m[34mSELECT "users".* FROM "users"[0m
  ↳ app/views/users/index.html.erb:16
  Rendered users/index.html.erb within layouts/application (2.1ms)
Completed 200 OK in 45ms (Views: 40.7ms | ActiveRecord: 0.4ms)


Started GET "/users/new" for 127.0.0.1 at 2019-02-11 13:00:25 -0500
Processing by UsersController#new as HTML
  Rendering users/new.html.erb within layouts/application
  Rendered users/_form.html.erb (3.2ms)
  Rendered users/new.html.erb within layouts/application (6.2ms)
Completed 200 OK in 51ms (Views: 37.0ms | ActiveRecord: 0.5ms)


Started POST "/users" for 127.0.0.1 at 2019-02-11 13:00:40 -0500
Processing by UsersController#create as HTML
  Parameters: {"utf8"=>"✓", "authenticity_token"=>"KHSPPXoxTvE1klR+9lzOK85Tytjm4C3j1JYtM5oPTwS802N/yjANS4iLm8wHC0wJO4kPWKTmXRZt84yfNG361w==", "user"=>{"username"=>"whatever", "password"=>"[FILTERED]", "image"=>""}, "commit"=>"Create User"}
  [1m[35m (0.1ms)[0m  [1m[36mbegin transaction[0m
  ↳ app/controllers/users_controller.rb:30
  [1m[36mUser Create (0.5ms)[0m  [1m[32mINSERT INTO "users" ("username", "password", "image", "created_at", "updated_at") VALUES (?, ?, ?, ?, ?)[0m  [["username", "whatever"], ["password", "101010"], ["image", ""], ["created_at", "2019-02-11 18:00:40.897029"], ["updated_at", "2019-02-11 18:00:40.897029"]]
  ↳ app/controllers/users_controller.rb:30
  [1m[35m (0.9ms)[0m  [1m[36mcommit transaction[0m
  ↳ app/controllers/users_controller.rb:30
Redirected to http://localhost:3000/users/1
Completed 302 Found in 5ms (ActiveRecord: 1.5ms)


Started GET "/users/1" for 127.0.0.1 at 2019-02-11 13:00:40 -0500
Processing by UsersController#show as HTML
  Parameters: {"id"=>"1"}
  [1m[36mUser Load (0.2ms)[0m  [1m[34mSELECT  "users".* FROM "users" WHERE "users"."id" = ? LIMIT ?[0m  [["id", 1], ["LIMIT", 1]]
  ↳ app/controllers/users_controller.rb:67
  Rendering users/show.html.erb within layouts/application
  Rendered users/show.html.erb within layouts/application (0.8ms)
Completed 200 OK in 33ms (Views: 28.7ms | ActiveRecord: 0.2ms)


Started GET "/users" for 127.0.0.1 at 2019-02-11 13:00:46 -0500
Processing by UsersController#index as HTML
  Rendering users/index.html.erb within layouts/application
  [1m[36mUser Load (0.3ms)[0m  [1m[34mSELECT "users".* FROM "users"[0m
  ↳ app/views/users/index.html.erb:16
  Rendered users/index.html.erb within layouts/application (2.6ms)
Completed 200 OK in 41ms (Views: 36.9ms | ActiveRecord: 0.3ms)


Started GET "/users" for 127.0.0.1 at 2019-02-11 13:01:09 -0500
Processing by UsersController#index as HTML
  Rendering users/index.html.erb within layouts/application
  [1m[36mUser Load (0.2ms)[0m  [1m[34mSELECT "users".* FROM "users"[0m
  ↳ app/views/users/index.html.erb:16
  Rendered users/index.html.erb within layouts/application (8.0ms)
Completed 200 OK in 47ms (Views: 39.7ms | ActiveRecord: 0.7ms)


Started GET "/vehicles/new" for 127.0.0.1 at 2019-02-11 13:01:16 -0500
Processing by VehiclesController#new as HTML
  Rendering vehicles/new.html.erb within layouts/application
  Rendered vehicles/_form.html.erb (3.2ms)
  Rendered vehicles/new.html.erb within layouts/application (5.7ms)
Completed 200 OK in 51ms (Views: 37.4ms | ActiveRecord: 0.4ms)


Started POST "/vehicles" for 127.0.0.1 at 2019-02-11 13:01:44 -0500
Processing by VehiclesController#create as HTML
  Parameters: {"utf8"=>"✓", "authenticity_token"=>"gNDKH8ZWW8LBAd86IHZbYEUS1t7TGFqYVUmRDof3CGNshoRtEGiyun+fismPmhxYS4eEeYWk2kkVzZzqLahiSw==", "vehicle"=>{"year"=>"2016", "make"=>"Toyota", "model"=>"4Runner", "plate"=>"hrk-1234", "oil_type"=>"0W-20 synthetic", "oil_quantity"=>"5"}, "commit"=>"Create Vehicle"}
  [1m[35m (0.1ms)[0m  [1m[36mbegin transaction[0m
  ↳ app/controllers/vehicles_controller.rb:30
  [1m[35m (0.1ms)[0m  [1m[31mrollback transaction[0m
  ↳ app/controllers/vehicles_controller.rb:30
  Rendering vehicles/new.html.erb within layouts/application
  Rendered vehicles/_form.html.erb (4.1ms)
  Rendered vehicles/new.html.erb within layouts/application (6.8ms)
Completed 200 OK in 40ms (Views: 35.3ms | ActiveRecord: 0.1ms)


Started GET "/" for 127.0.0.1 at 2019-02-11 13:01:56 -0500
Processing by Rails::WelcomeController#index as HTML
  Rendering /Users/EliCleveland/.rvm/gems/ruby-2.3.3/gems/railties-5.2.2/lib/rails/templates/rails/welcome/index.html.erb
  Rendered /Users/EliCleveland/.rvm/gems/ruby-2.3.3/gems/railties-5.2.2/lib/rails/templates/rails/welcome/index.html.erb (2.7ms)
Completed 200 OK in 9ms (Views: 5.7ms | ActiveRecord: 0.0ms)


Started GET "/new" for 127.0.0.1 at 2019-02-11 13:01:59 -0500
  
ActionController::RoutingError (No route matches [GET] "/new"):
  
actionpack (5.2.2) lib/action_dispatch/middleware/debug_exceptions.rb:65:in `call'
web-console (3.7.0) lib/web_console/middleware.rb:135:in `call_app'
web-console (3.7.0) lib/web_console/middleware.rb:30:in `block in call'
web-console (3.7.0) lib/web_console/middleware.rb:20:in `catch'
web-console (3.7.0) lib/web_console/middleware.rb:20:in `call'
actionpack (5.2.2) lib/action_dispatch/middleware/show_exceptions.rb:33:in `call'
railties (5.2.2) lib/rails/rack/logger.rb:38:in `call_app'
railties (5.2.2) lib/rails/rack/logger.rb:26:in `block in call'
activesupport (5.2.2) lib/active_support/tagged_logging.rb:71:in `block in tagged'
activesupport (5.2.2) lib/active_support/tagged_logging.rb:28:in `tagged'
activesupport (5.2.2) lib/active_support/tagged_logging.rb:71:in `tagged'
railties (5.2.2) lib/rails/rack/logger.rb:26:in `call'
sprockets-rails (3.2.1) lib/sprockets/rails/quiet_assets.rb:13:in `call'
actionpack (5.2.2) lib/action_dispatch/middleware/remote_ip.rb:81:in `call'
actionpack (5.2.2) lib/action_dispatch/middleware/request_id.rb:27:in `call'
rack (2.0.6) lib/rack/method_override.rb:22:in `call'
rack (2.0.6) lib/rack/runtime.rb:22:in `call'
activesupport (5.2.2) lib/active_support/cache/strategy/local_cache_middleware.rb:29:in `call'
actionpack (5.2.2) lib/action_dispatch/middleware/executor.rb:14:in `call'
actionpack (5.2.2) lib/action_dispatch/middleware/static.rb:127:in `call'
rack (2.0.6) lib/rack/sendfile.rb:111:in `call'
railties (5.2.2) lib/rails/engine.rb:524:in `call'
puma (3.12.0) lib/puma/configuration.rb:225:in `call'
puma (3.12.0) lib/puma/server.rb:658:in `handle_request'
puma (3.12.0) lib/puma/server.rb:472:in `process_client'
puma (3.12.0) lib/puma/server.rb:332:in `block in run'
puma (3.12.0) lib/puma/thread_pool.rb:133:in `block in spawn_thread'
Started GET "/home" for 127.0.0.1 at 2019-02-11 13:02:04 -0500
Processing by HomeController#index as HTML
  Rendering home/index.html.erb within layouts/application
  Rendered home/index.html.erb within layouts/application (1.4ms)
Completed 200 OK in 32ms (Views: 28.6ms | ActiveRecord: 0.0ms)


  [1m[35m (0.1ms)[0m  [1m[34mSELECT "schema_migrations"."version" FROM "schema_migrations" ORDER BY "schema_migrations"."version" ASC[0m
  ↳ bin/rails:9
Migrating to AddPriceToPayments (20190211180538)
  [1m[35m (0.0ms)[0m  [1m[36mbegin transaction[0m
  ↳ bin/rails:9
  [1m[35m (0.6ms)[0m  [1m[35mALTER TABLE "payments" ADD "price" float[0m
  ↳ db/migrate/20190211180538_add_price_to_payments.rb:3
  [1m[36mActiveRecord::SchemaMigration Create (0.3ms)[0m  [1m[32mINSERT INTO "schema_migrations" ("version") VALUES (?)[0m  [["version", "20190211180538"]]
  ↳ bin/rails:9
  [1m[35m (0.8ms)[0m  [1m[36mcommit transaction[0m
  ↳ bin/rails:9
  [1m[36mActiveRecord::InternalMetadata Load (0.3ms)[0m  [1m[34mSELECT  "ar_internal_metadata".* FROM "ar_internal_metadata" WHERE "ar_internal_metadata"."key" = ? LIMIT ?[0m  [["key", "environment"], ["LIMIT", 1]]
  ↳ bin/rails:9
  [1m[35m (0.0ms)[0m  [1m[36mbegin transaction[0m
  ↳ bin/rails:9
  [1m[35m (0.0ms)[0m  [1m[36mcommit transaction[0m
  ↳ bin/rails:9
  [1m[35m (0.1ms)[0m  [1m[34mSELECT "schema_migrations"."version" FROM "schema_migrations" ORDER BY "schema_migrations"."version" ASC[0m
  ↳ bin/rails:9
Started GET "/mechanics" for 127.0.0.1 at 2019-02-11 14:46:09 -0500
  [1m[35m (0.1ms)[0m  [1m[34mSELECT "schema_migrations"."version" FROM "schema_migrations" ORDER BY "schema_migrations"."version" ASC[0m
  ↳ /Users/EliCleveland/.rvm/gems/ruby-2.3.3/gems/activerecord-5.2.2/lib/active_record/log_subscriber.rb:98
Processing by MechanicsController#index as HTML
  Rendering mechanics/index.html.erb within layouts/application
  [1m[36mMechanic Load (0.2ms)[0m  [1m[34mSELECT "mechanics".* FROM "mechanics"[0m
  ↳ app/views/mechanics/index.html.erb:17
  Rendered mechanics/index.html.erb within layouts/application (10.3ms)
Completed 200 OK in 47ms (Views: 38.1ms | ActiveRecord: 0.9ms)


Started GET "/mechanics/1" for 127.0.0.1 at 2019-02-11 14:46:13 -0500
Processing by MechanicsController#show as HTML
  Parameters: {"id"=>"1"}
  [1m[36mMechanic Load (0.2ms)[0m  [1m[34mSELECT  "mechanics".* FROM "mechanics" WHERE "mechanics"."id" = ? LIMIT ?[0m  [["id", 1], ["LIMIT", 1]]
  ↳ app/controllers/mechanics_controller.rb:67
  Rendering mechanics/show.html.erb within layouts/application
  Rendered mechanics/show.html.erb within layouts/application (0.7ms)
Completed 200 OK in 34ms (Views: 29.1ms | ActiveRecord: 0.2ms)


Started GET "/mechanics/1" for 127.0.0.1 at 2019-02-11 14:48:12 -0500
Processing by MechanicsController#show as HTML
  Parameters: {"id"=>"1"}
  [1m[36mMechanic Load (0.2ms)[0m  [1m[34mSELECT  "mechanics".* FROM "mechanics" WHERE "mechanics"."id" = ? LIMIT ?[0m  [["id", 1], ["LIMIT", 1]]
  ↳ app/controllers/mechanics_controller.rb:67
  Rendering mechanics/show.html.erb within layouts/application
  Rendered mechanics/show.html.erb within layouts/application (1.0ms)
Completed 200 OK in 42ms (Views: 36.8ms | ActiveRecord: 0.2ms)


Started GET "/mechanics/1" for 127.0.0.1 at 2019-02-11 14:49:22 -0500
Processing by MechanicsController#show as HTML
  Parameters: {"id"=>"1"}
  [1m[36mMechanic Load (0.2ms)[0m  [1m[34mSELECT  "mechanics".* FROM "mechanics" WHERE "mechanics"."id" = ? LIMIT ?[0m  [["id", 1], ["LIMIT", 1]]
  ↳ app/controllers/mechanics_controller.rb:67
  Rendering mechanics/show.html.erb within layouts/application
  Rendered mechanics/show.html.erb within layouts/application (0.8ms)
Completed 200 OK in 35ms (Views: 31.1ms | ActiveRecord: 0.2ms)


Started GET "/appointments" for 127.0.0.1 at 2019-02-11 14:49:28 -0500
Processing by AppointmentsController#index as HTML
  Rendering appointments/index.html.erb within layouts/application
  [1m[36mAppointment Load (0.2ms)[0m  [1m[34mSELECT "appointments".* FROM "appointments"[0m
  ↳ app/views/appointments/index.html.erb:18
  Rendered appointments/index.html.erb within layouts/application (1.8ms)
Completed 200 OK in 37ms (Views: 30.9ms | ActiveRecord: 0.4ms)


Started GET "/payments" for 127.0.0.1 at 2019-02-11 14:49:31 -0500
Processing by PaymentsController#index as HTML
  Rendering payments/index.html.erb within layouts/application
  [1m[36mPayment Load (0.3ms)[0m  [1m[34mSELECT "payments".* FROM "payments"[0m
  ↳ app/views/payments/index.html.erb:19
  Rendered payments/index.html.erb within layouts/application (3.0ms)
Completed 200 OK in 46ms (Views: 36.2ms | ActiveRecord: 0.7ms)


Started GET "/mechanics/1" for 127.0.0.1 at 2019-02-11 14:49:43 -0500
Processing by MechanicsController#show as HTML
  Parameters: {"id"=>"1"}
  [1m[36mMechanic Load (0.1ms)[0m  [1m[34mSELECT  "mechanics".* FROM "mechanics" WHERE "mechanics"."id" = ? LIMIT ?[0m  [["id", 1], ["LIMIT", 1]]
  ↳ app/controllers/mechanics_controller.rb:67
  Rendering mechanics/show.html.erb within layouts/application
  Rendered mechanics/show.html.erb within layouts/application (0.8ms)
Completed 200 OK in 33ms (Views: 29.1ms | ActiveRecord: 0.1ms)


Started GET "/mechanics/1/edit" for 127.0.0.1 at 2019-02-11 14:49:49 -0500
Processing by MechanicsController#edit as HTML
  Parameters: {"id"=>"1"}
  [1m[36mMechanic Load (0.2ms)[0m  [1m[34mSELECT  "mechanics".* FROM "mechanics" WHERE "mechanics"."id" = ? LIMIT ?[0m  [["id", 1], ["LIMIT", 1]]
  ↳ app/controllers/mechanics_controller.rb:67
  Rendering mechanics/edit.html.erb within layouts/application
  Rendered mechanics/_form.html.erb (2.9ms)
  Rendered mechanics/edit.html.erb within layouts/application (6.4ms)
Completed 200 OK in 45ms (Views: 39.6ms | ActiveRecord: 0.2ms)


Started GET "/mechanics" for 127.0.0.1 at 2019-02-11 14:49:52 -0500
Processing by MechanicsController#index as HTML
  Rendering mechanics/index.html.erb within layouts/application
  [1m[36mMechanic Load (0.3ms)[0m  [1m[34mSELECT "mechanics".* FROM "mechanics"[0m
  ↳ app/views/mechanics/index.html.erb:17
  Rendered mechanics/index.html.erb within layouts/application (2.9ms)
Completed 200 OK in 45ms (Views: 41.0ms | ActiveRecord: 0.3ms)


Started GET "/mechanics/1" for 127.0.0.1 at 2019-02-11 14:51:07 -0500
Processing by MechanicsController#show as HTML
  Parameters: {"id"=>"1"}
  [1m[36mMechanic Load (0.2ms)[0m  [1m[34mSELECT  "mechanics".* FROM "mechanics" WHERE "mechanics"."id" = ? LIMIT ?[0m  [["id", 1], ["LIMIT", 1]]
  ↳ app/controllers/mechanics_controller.rb:67
  Rendering mechanics/show.html.erb within layouts/application
  Rendered mechanics/show.html.erb within layouts/application (1.2ms)
Completed 200 OK in 43ms (Views: 38.9ms | ActiveRecord: 0.2ms)


Started GET "/mechanics/1" for 127.0.0.1 at 2019-02-11 14:56:49 -0500
Processing by MechanicsController#show as HTML
  Parameters: {"id"=>"1"}
  [1m[36mMechanic Load (0.1ms)[0m  [1m[34mSELECT  "mechanics".* FROM "mechanics" WHERE "mechanics"."id" = ? LIMIT ?[0m  [["id", 1], ["LIMIT", 1]]
  ↳ app/controllers/mechanics_controller.rb:67
  Rendering mechanics/show.html.erb within layouts/application
  Rendered mechanics/show.html.erb within layouts/application (0.8ms)
Completed 200 OK in 42ms (Views: 38.8ms | ActiveRecord: 0.1ms)


Started GET "/mechanics/1" for 127.0.0.1 at 2019-02-11 15:01:26 -0500
Processing by MechanicsController#show as HTML
  Parameters: {"id"=>"1"}
  [1m[36mMechanic Load (0.1ms)[0m  [1m[34mSELECT  "mechanics".* FROM "mechanics" WHERE "mechanics"."id" = ? LIMIT ?[0m  [["id", 1], ["LIMIT", 1]]
  ↳ app/controllers/mechanics_controller.rb:67
  Rendering mechanics/show.html.erb within layouts/application
  [1m[36mAppointment Load (0.2ms)[0m  [1m[34mSELECT "appointments".* FROM "appointments" WHERE "appointments"."mechanic_id" = ?[0m  [["mechanic_id", 1]]
  ↳ app/views/mechanics/show.html.erb:10
  Rendered mechanics/show.html.erb within layouts/application (28.4ms)
Completed 200 OK in 64ms (Views: 60.4ms | ActiveRecord: 0.3ms)


Started GET "/appointments" for 127.0.0.1 at 2019-02-11 15:01:36 -0500
Processing by AppointmentsController#index as HTML
  Rendering appointments/index.html.erb within layouts/application
  [1m[36mAppointment Load (0.2ms)[0m  [1m[34mSELECT "appointments".* FROM "appointments"[0m
  ↳ app/views/appointments/index.html.erb:18
  Rendered appointments/index.html.erb within layouts/application (2.1ms)
Completed 200 OK in 48ms (Views: 43.0ms | ActiveRecord: 0.2ms)


Started GET "/users" for 127.0.0.1 at 2019-02-11 15:01:51 -0500
Processing by UsersController#index as HTML
  Rendering users/index.html.erb within layouts/application
  [1m[36mUser Load (0.3ms)[0m  [1m[34mSELECT "users".* FROM "users"[0m
  ↳ app/views/users/index.html.erb:16
  Rendered users/index.html.erb within layouts/application (9.0ms)
Completed 200 OK in 55ms (Views: 45.1ms | ActiveRecord: 0.8ms)


Started GET "/users/1" for 127.0.0.1 at 2019-02-11 15:01:59 -0500
Processing by UsersController#show as HTML
  Parameters: {"id"=>"1"}
  [1m[36mUser Load (0.3ms)[0m  [1m[34mSELECT  "users".* FROM "users" WHERE "users"."id" = ? LIMIT ?[0m  [["id", 1], ["LIMIT", 1]]
  ↳ app/controllers/users_controller.rb:67
  Rendering users/show.html.erb within layouts/application
  Rendered users/show.html.erb within layouts/application (1.0ms)
Completed 200 OK in 49ms (Views: 42.4ms | ActiveRecord: 0.3ms)


Started GET "/vehicles" for 127.0.0.1 at 2019-02-11 15:02:07 -0500
  
ActionController::RoutingError (No route matches [GET] "/vehicles"):
  
actionpack (5.2.2) lib/action_dispatch/middleware/debug_exceptions.rb:65:in `call'
web-console (3.7.0) lib/web_console/middleware.rb:135:in `call_app'
web-console (3.7.0) lib/web_console/middleware.rb:30:in `block in call'
web-console (3.7.0) lib/web_console/middleware.rb:20:in `catch'
web-console (3.7.0) lib/web_console/middleware.rb:20:in `call'
actionpack (5.2.2) lib/action_dispatch/middleware/show_exceptions.rb:33:in `call'
railties (5.2.2) lib/rails/rack/logger.rb:38:in `call_app'
railties (5.2.2) lib/rails/rack/logger.rb:26:in `block in call'
activesupport (5.2.2) lib/active_support/tagged_logging.rb:71:in `block in tagged'
activesupport (5.2.2) lib/active_support/tagged_logging.rb:28:in `tagged'
activesupport (5.2.2) lib/active_support/tagged_logging.rb:71:in `tagged'
railties (5.2.2) lib/rails/rack/logger.rb:26:in `call'
sprockets-rails (3.2.1) lib/sprockets/rails/quiet_assets.rb:13:in `call'
actionpack (5.2.2) lib/action_dispatch/middleware/remote_ip.rb:81:in `call'
actionpack (5.2.2) lib/action_dispatch/middleware/request_id.rb:27:in `call'
rack (2.0.6) lib/rack/method_override.rb:22:in `call'
rack (2.0.6) lib/rack/runtime.rb:22:in `call'
activesupport (5.2.2) lib/active_support/cache/strategy/local_cache_middleware.rb:29:in `call'
actionpack (5.2.2) lib/action_dispatch/middleware/executor.rb:14:in `call'
actionpack (5.2.2) lib/action_dispatch/middleware/static.rb:127:in `call'
rack (2.0.6) lib/rack/sendfile.rb:111:in `call'
railties (5.2.2) lib/rails/engine.rb:524:in `call'
puma (3.12.0) lib/puma/configuration.rb:225:in `call'
puma (3.12.0) lib/puma/server.rb:658:in `handle_request'
puma (3.12.0) lib/puma/server.rb:472:in `process_client'
puma (3.12.0) lib/puma/server.rb:332:in `block in run'
puma (3.12.0) lib/puma/thread_pool.rb:133:in `block in spawn_thread'
Started GET "/vehicles" for 127.0.0.1 at 2019-02-11 15:02:59 -0500
  [1m[35m (0.1ms)[0m  [1m[34mSELECT "schema_migrations"."version" FROM "schema_migrations" ORDER BY "schema_migrations"."version" ASC[0m
  ↳ /Users/EliCleveland/.rvm/gems/ruby-2.3.3/gems/activerecord-5.2.2/lib/active_record/log_subscriber.rb:98
Processing by VehiclesController#index as HTML
  Rendering vehicles/index.html.erb within layouts/application
  [1m[36mVehicle Load (0.2ms)[0m  [1m[34mSELECT "vehicles".* FROM "vehicles"[0m
  ↳ app/views/vehicles/index.html.erb:19
  Rendered vehicles/index.html.erb within layouts/application (3.1ms)
Completed 200 OK in 261ms (Views: 244.3ms | ActiveRecord: 0.4ms)


Started GET "/vehicles/new" for 127.0.0.1 at 2019-02-11 15:03:02 -0500
Processing by VehiclesController#new as HTML
  Rendering vehicles/new.html.erb within layouts/application
  Rendered vehicles/_form.html.erb (9.0ms)
  Rendered vehicles/new.html.erb within layouts/application (11.7ms)
Completed 200 OK in 58ms (Views: 39.2ms | ActiveRecord: 0.5ms)


Started POST "/vehicles" for 127.0.0.1 at 2019-02-11 15:03:24 -0500
Processing by VehiclesController#create as HTML
  Parameters: {"utf8"=>"✓", "authenticity_token"=>"doXHRxOvbV+O0MwgCulaYIAwzi9vkUCLtRvLlLBxvg0/TylbyBfMaXqNt7nCtycO82Pfma4HM0j1TUZ5V0beLA==", "vehicle"=>{"year"=>"2016", "make"=>"Toyota", "model"=>"4Runner", "plate"=>"hrk-1234", "oil_type"=>"0W-20 synthetic", "oil_quantity"=>"5"}, "commit"=>"Create Vehicle"}
  [1m[35m (0.1ms)[0m  [1m[36mbegin transaction[0m
  ↳ app/controllers/vehicles_controller.rb:30
  [1m[35m (0.0ms)[0m  [1m[31mrollback transaction[0m
  ↳ app/controllers/vehicles_controller.rb:30
  Rendering vehicles/new.html.erb within layouts/application
  Rendered vehicles/_form.html.erb (3.4ms)
  Rendered vehicles/new.html.erb within layouts/application (5.9ms)
Completed 200 OK in 43ms (Views: 33.4ms | ActiveRecord: 0.1ms)


Started GET "/vehicles" for 127.0.0.1 at 2019-02-11 15:04:25 -0500
Processing by VehiclesController#index as HTML
  Rendering vehicles/index.html.erb within layouts/application
  [1m[36mVehicle Load (0.2ms)[0m  [1m[34mSELECT "vehicles".* FROM "vehicles"[0m
  ↳ app/views/vehicles/index.html.erb:19
  Rendered vehicles/index.html.erb within layouts/application (1.4ms)
Completed 200 OK in 57ms (Views: 53.5ms | ActiveRecord: 0.2ms)


Started GET "/vehicles/new" for 127.0.0.1 at 2019-02-11 15:04:27 -0500
Processing by VehiclesController#new as HTML
  Rendering vehicles/new.html.erb within layouts/application
  Rendered vehicles/_form.html.erb (7.6ms)
  Rendered vehicles/new.html.erb within layouts/application (11.9ms)
Completed 200 OK in 55ms (Views: 50.6ms | ActiveRecord: 0.0ms)


Started POST "/vehicles" for 127.0.0.1 at 2019-02-11 15:04:42 -0500
Processing by VehiclesController#create as HTML
  Parameters: {"utf8"=>"✓", "authenticity_token"=>"8iy65nuTEJbxwEPraA5OtPW1O1/4TrsFRfa+8qN69Aq75lT6oCuxoAWdOHKgUDPahuYq6TnYyMYFoDMfRE2UKw==", "vehicle"=>{"year"=>"1", "make"=>"test", "model"=>"test", "plate"=>"test", "oil_type"=>"test", "oil_quantity"=>"5", "user_id"=>"1"}, "commit"=>"Create Vehicle"}
Completed 500 Internal Server Error in 2ms (ActiveRecord: 0.0ms)


  
ActiveModel::UnknownAttributeError (unknown attribute 'user_id' for Vehicle.):
  
app/controllers/vehicles_controller.rb:27:in `create'
  [1m[36mUser Load (0.5ms)[0m  [1m[34mSELECT  "users".* FROM "users" ORDER BY "users"."id" ASC LIMIT ?[0m  [["LIMIT", 1]]
  [1m[36mUser Load (0.4ms)[0m  [1m[34mSELECT  "users".* FROM "users" ORDER BY "users"."id" ASC LIMIT ?[0m  [["LIMIT", 1]]
